0 info it worked if it ends with ok
1 verbose cli [ '/usr/local/Cellar/node/5.4.1_1/bin/node',
1 verbose cli   '/usr/local/bin/npm',
1 verbose cli   'install',
1 verbose cli   '-g',
1 verbose cli   'ios-deploy' ]
2 info using npm@3.5.3
3 info using node@v5.4.1
4 silly loadCurrentTree Starting
5 silly install loadCurrentTree
6 silly install readGlobalPackageData
7 silly fetchPackageMetaData ios-deploy
8 silly fetchNamedPackageData ios-deploy
9 silly mapToRegistry name ios-deploy
10 silly mapToRegistry using default registry
11 silly mapToRegistry registry https://registry.npmjs.org/
12 silly mapToRegistry uri https://registry.npmjs.org/ios-deploy
13 verbose request uri https://registry.npmjs.org/ios-deploy
14 verbose request no auth needed
15 info attempt registry request try #1 at 10:35:45
16 verbose request id ca3b020b8e22e5c3
17 http request GET https://registry.npmjs.org/ios-deploy
18 http 200 https://registry.npmjs.org/ios-deploy
19 verbose headers { server: 'CouchDB/1.5.0 (Erlang OTP/R16B03)',
19 verbose headers   etag: '"9UZRSW4VGSS2C1DLFQVPDNHID"',
19 verbose headers   'content-type': 'application/json',
19 verbose headers   'cache-control': 'max-age=300',
19 verbose headers   'content-length': '33949',
19 verbose headers   'accept-ranges': 'bytes',
19 verbose headers   date: 'Mon, 01 Feb 2016 09:35:46 GMT',
19 verbose headers   via: '1.1 varnish',
19 verbose headers   age: '0',
19 verbose headers   connection: 'keep-alive',
19 verbose headers   'x-served-by': 'cache-lcy1123-LCY',
19 verbose headers   'x-cache': 'HIT',
19 verbose headers   'x-cache-hits': '1',
19 verbose headers   'x-timer': 'S1454319345.820090,VS0,VE377',
19 verbose headers   vary: 'Accept' }
20 silly get cb [ 200,
20 silly get   { server: 'CouchDB/1.5.0 (Erlang OTP/R16B03)',
20 silly get     etag: '"9UZRSW4VGSS2C1DLFQVPDNHID"',
20 silly get     'content-type': 'application/json',
20 silly get     'cache-control': 'max-age=300',
20 silly get     'content-length': '33949',
20 silly get     'accept-ranges': 'bytes',
20 silly get     date: 'Mon, 01 Feb 2016 09:35:46 GMT',
20 silly get     via: '1.1 varnish',
20 silly get     age: '0',
20 silly get     connection: 'keep-alive',
20 silly get     'x-served-by': 'cache-lcy1123-LCY',
20 silly get     'x-cache': 'HIT',
20 silly get     'x-cache-hits': '1',
20 silly get     'x-timer': 'S1454319345.820090,VS0,VE377',
20 silly get     vary: 'Accept' } ]
21 verbose get saving ios-deploy to /Users/nansthomas/.npm/registry.npmjs.org/ios-deploy/.cache.json
22 silly install normalizeTree
23 silly loadCurrentTree Finishing
24 silly loadIdealTree Starting
25 silly install loadIdealTree
26 silly cloneCurrentTree Starting
27 silly install cloneCurrentTreeToIdealTree
28 silly cloneCurrentTree Finishing
29 silly loadShrinkwrap Starting
30 silly install loadShrinkwrap
31 silly loadShrinkwrap Finishing
32 silly loadAllDepsIntoIdealTree Starting
33 silly install loadAllDepsIntoIdealTree
34 silly resolveWithNewModule ios-deploy@1.8.4 checking installable status
35 silly cache add args [ 'ios-deploy', null ]
36 verbose cache add spec ios-deploy
37 silly cache add parsed spec Result {
37 silly cache add   raw: 'ios-deploy',
37 silly cache add   scope: null,
37 silly cache add   name: 'ios-deploy',
37 silly cache add   rawSpec: '',
37 silly cache add   spec: 'latest',
37 silly cache add   type: 'tag' }
38 silly addNamed ios-deploy@latest
39 verbose addNamed "latest" is being treated as a dist-tag for ios-deploy
40 info addNameTag [ 'ios-deploy', 'latest' ]
41 silly mapToRegistry name ios-deploy
42 silly mapToRegistry using default registry
43 silly mapToRegistry registry https://registry.npmjs.org/
44 silly mapToRegistry uri https://registry.npmjs.org/ios-deploy
45 verbose addNameTag registry:https://registry.npmjs.org/ios-deploy not in flight; fetching
46 verbose get https://registry.npmjs.org/ios-deploy not expired, no request
47 silly addNameTag next cb for ios-deploy with tag latest
48 silly addNamed ios-deploy@1.8.4
49 verbose addNamed "1.8.4" is a plain semver version for ios-deploy
50 silly mapToRegistry name ios-deploy
51 silly mapToRegistry using default registry
52 silly mapToRegistry registry https://registry.npmjs.org/
53 silly mapToRegistry uri https://registry.npmjs.org/ios-deploy
54 verbose addRemoteTarball https://registry.npmjs.org/ios-deploy/-/ios-deploy-1.8.4.tgz not in flight; adding
55 verbose addRemoteTarball [ 'https://registry.npmjs.org/ios-deploy/-/ios-deploy-1.8.4.tgz',
55 verbose addRemoteTarball   '2edc8ca78b512505af16bb178cdbc60fa524dabb' ]
56 info retry fetch attempt 1 at 10:35:46
57 info attempt registry request try #1 at 10:35:46
58 http fetch GET https://registry.npmjs.org/ios-deploy/-/ios-deploy-1.8.4.tgz
59 http fetch 200 https://registry.npmjs.org/ios-deploy/-/ios-deploy-1.8.4.tgz
60 silly fetchAndShaCheck shasum 2edc8ca78b512505af16bb178cdbc60fa524dabb
61 verbose addTmpTarball /tmp/npm-42855-385b31ed/registry.npmjs.org/ios-deploy/-/ios-deploy-1.8.4.tgz not in flight; adding
62 verbose addTmpTarball already have metadata; skipping unpack for ios-deploy@1.8.4
63 silly cache afterAdd ios-deploy@1.8.4
64 verbose afterAdd /Users/nansthomas/.npm/ios-deploy/1.8.4/package/package.json not in flight; writing
65 verbose afterAdd /Users/nansthomas/.npm/ios-deploy/1.8.4/package/package.json written
66 silly loadAllDepsIntoIdealTree Finishing
67 silly idealTree:prePrune lib
67 silly idealTree:prePrune └── ios-deploy@1.8.4
68 silly loadIdealTree Finishing
69 silly currentTree lib
70 silly idealTree lib
70 silly idealTree └── ios-deploy@1.8.4
71 silly generateActionsToTake Starting
72 silly install generateActionsToTake
73 silly generateActionsToTake Finishing
74 silly diffTrees action count 1
75 silly diffTrees add ios-deploy@1.8.4
76 silly decomposeActions action count 8
77 silly decomposeActions fetch ios-deploy@1.8.4
78 silly decomposeActions extract ios-deploy@1.8.4
79 silly decomposeActions test ios-deploy@1.8.4
80 silly decomposeActions preinstall ios-deploy@1.8.4
81 silly decomposeActions build ios-deploy@1.8.4
82 silly decomposeActions install ios-deploy@1.8.4
83 silly decomposeActions postinstall ios-deploy@1.8.4
84 silly decomposeActions finalize ios-deploy@1.8.4
85 silly executeActions Starting
86 silly install executeActions
87 silly doSerial global-install 0
88 silly doParallel fetch 1
89 verbose lock using /Users/nansthomas/.npm/_locks/staging-3a08f0df5026584d.lock for /usr/local/lib/node_modules/.staging
90 silly doParallel extract 1
91 silly extract ios-deploy@1.8.4
92 verbose unbuild lib/node_modules/.staging/ios-deploy-298c9491
93 silly gentlyRm /usr/local/lib/node_modules/.staging/ios-deploy-298c9491 is being purged from base /usr/local
94 verbose gentlyRm don't care about contents; nuking /usr/local/lib/node_modules/.staging/ios-deploy-298c9491
95 verbose tar unpack /Users/nansthomas/.npm/ios-deploy/1.8.4/package.tgz
96 verbose tar unpacking to /usr/local/lib/node_modules/.staging/ios-deploy-298c9491
97 silly gentlyRm /usr/local/lib/node_modules/.staging/ios-deploy-298c9491 is being purged
98 verbose gentlyRm don't care about contents; nuking /usr/local/lib/node_modules/.staging/ios-deploy-298c9491
99 silly gunzTarPerm modes [ '755', '644' ]
100 silly gunzTarPerm extractEntry package.json
101 silly gunzTarPerm extractEntry .npmignore
102 silly gunzTarPerm extractEntry README.md
103 silly gunzTarPerm extractEntry LICENSE
104 silly gunzTarPerm extractEntry CONTRIBUTING.md
105 silly gunzTarPerm extractEntry demo/.npmignore
106 silly gunzTarPerm extractEntry demo/Entitlements.plist
107 silly gunzTarPerm extractEntry demo/Info.plist
108 silly gunzTarPerm extractEntry demo/Makefile
109 silly gunzTarPerm extractEntry demo/ResourceRules.plist
110 silly gunzTarPerm extractEntry demo/demo.c
111 silly gunzTarPerm extractEntry ios-deploy.xcodeproj/project.pbxproj
112 silly gunzTarPerm extractEntry src/check_reqs.js
113 silly gunzTarPerm extractEntry src/MobileDevice.h
114 silly gunzTarPerm extractEntry src/errors.h
115 silly gunzTarPerm extractEntry src/ios-deploy.c
116 silly gunzTarPerm extractEntry src/lldb.py.h
117 silly gunzTarPerm extractEntry src/scripts/lldb.py
118 silly gunzTarPerm extractEntry src/version.h
119 silly gentlyRm /usr/local/lib/node_modules/.staging/ios-deploy-298c9491/node_modules is being purged
120 verbose gentlyRm don't care about contents; nuking /usr/local/lib/node_modules/.staging/ios-deploy-298c9491/node_modules
121 silly doParallel preinstall 1
122 silly preinstall ios-deploy@1.8.4 /usr/local/lib/node_modules/.staging/ios-deploy-298c9491
123 info lifecycle ios-deploy@1.8.4~preinstall: ios-deploy@1.8.4
124 warn lifecycle ios-deploy@1.8.4~preinstall: cannot run in wd %s %s (wd=%s) ios-deploy@1.8.4 ./src/check_reqs.js && xcodebuild /usr/local/lib/node_modules/.staging/ios-deploy-298c9491
125 silly doReverseSerial remove 0
126 silly doSerial move 0
127 silly doSerial finalize 1
128 silly finalize /usr/local/lib/node_modules/ios-deploy
129 silly doSerial build 1
130 silly build ios-deploy@1.8.4
131 info linkStuff ios-deploy@1.8.4
132 silly linkStuff ios-deploy@1.8.4 has /usr/local/lib/node_modules as its parent node_modules
133 silly linkStuff ios-deploy@1.8.4 is part of a global install
134 silly linkStuff ios-deploy@1.8.4 is installed into a global node_modules
135 silly linkStuff ios-deploy@1.8.4 is installed into the top-level global node_modules
136 verbose linkBins ios-deploy@1.8.4
137 verbose link bins [ { 'ios-deploy': './build/Release/ios-deploy' },
137 verbose link bins   '/usr/local/bin',
137 verbose link bins   true ]
138 verbose linkMans ios-deploy@1.8.4
139 verbose unlock done using /Users/nansthomas/.npm/_locks/staging-3a08f0df5026584d.lock for /usr/local/lib/node_modules/.staging
140 silly rollbackFailedOptional Starting
141 silly rollbackFailedOptional Finishing
142 silly runTopLevelLifecycles Starting
143 silly runTopLevelLifecycles Finishing
144 silly install printInstalled
145 verbose stack Error: ENOENT: no such file or directory, chmod '/usr/local/lib/node_modules/ios-deploy/build/Release/ios-deploy'
145 verbose stack     at Error (native)
146 verbose cwd /Users/nansthomas/GitHub/ionic-attendance-app
147 error Darwin 15.2.0
148 error argv "/usr/local/Cellar/node/5.4.1_1/bin/node" "/usr/local/bin/npm" "install" "-g" "ios-deploy"
149 error node v5.4.1
150 error npm  v3.5.3
151 error path /usr/local/lib/node_modules/ios-deploy/build/Release/ios-deploy
152 error code ENOENT
153 error errno -2
154 error syscall chmod
155 error enoent ENOENT: no such file or directory, chmod '/usr/local/lib/node_modules/ios-deploy/build/Release/ios-deploy'
156 error enoent ENOENT: no such file or directory, chmod '/usr/local/lib/node_modules/ios-deploy/build/Release/ios-deploy'
156 error enoent This is most likely not a problem with npm itself
156 error enoent and is related to npm not being able to find a file.
157 verbose exit [ -2, true ]
